Build started 6/29/2014 12:59:50 PM.
     1>Project "D:\My Documents\Visual Studio 2013\Projects\DSA\Vector\Vector\Vector.vcxproj" on node 2 (Build target(s)).
     1>ClCompile:
         C:\Program Files (x86)\Microsoft Visual Studio 12.0\VC\bin\CL.exe /c /ZI /nologo /W3 /WX- /sdl /Od /Oy- /D WIN32 /D _DEBUG /D _CONSOLE /D _LIB /D _UNICODE /D UNICODE /Gm /EHsc /RTC1 /MDd /GS /fp:precise /Zc:wchar_t /Zc:forScope /Fo"Debug\\" /Fd"Debug\vc120.pdb" /Gd /TP /analyze- /errorReport:prompt Driver.cpp
         Driver.cpp
     1>d:\my documents\visual studio 2013\projects\dsa\vector\vector\vector.h(11): warning C4309: 'default argument' : truncation of constant value
                 d:\my documents\visual studio 2013\projects\dsa\vector\vector\driver.cpp(6) : see reference to class template instantiation 'Vector<char>' being compiled
     1>d:\my documents\visual studio 2013\projects\dsa\vector\vector\vector.h(16): warning C4309: 'default argument' : truncation of constant value
     1>d:\my documents\visual studio 2013\projects\dsa\vector\vector\vector.h(17): warning C4309: 'default argument' : truncation of constant value
     1>d:\my documents\visual studio 2013\projects\dsa\vector\vector\vector.h(20): warning C4309: 'default argument' : truncation of constant value
     1>d:\my documents\visual studio 2013\projects\dsa\vector\vector\vector.cpp(36): warning C4244: '=' : conversion from 'double' to 'int', possible loss of data
                 d:\my documents\visual studio 2013\projects\dsa\vector\vector\vector.cpp(29) : while compiling class template member function 'Vector<char>::Vector(const int &,Object &&)'
                 with
                 [
                     Object=char
                 ]
                 d:\my documents\visual studio 2013\projects\dsa\vector\vector\driver.cpp(6) : see reference to function template instantiation 'Vector<char>::Vector(const int &,Object &&)' being compiled
                 with
                 [
                     Object=char
                 ]
                 d:\my documents\visual studio 2013\projects\dsa\vector\vector\driver.cpp(6) : see reference to class template instantiation 'Vector<char>' being compiled
       Link:
         C:\Program Files (x86)\Microsoft Visual Studio 12.0\VC\bin\link.exe /ERRORREPORT:PROMPT /OUT:"D:\My Documents\Visual Studio 2013\Projects\DSA\Vector\Debug\Vector.exe" /INCREMENTAL /NOLOGO kernel32.lib user32.lib gdi32.lib winspool.lib comdlg32.lib advapi32.lib shell32.lib ole32.lib oleaut32.lib uuid.lib odbc32.lib odbccp32.lib /MANIFEST /MANIFESTUAC:"level='asInvoker' uiAccess='false'" /manifest:embed /DEBUG /PDB:"D:\My Documents\Visual Studio 2013\Projects\DSA\Vector\Debug\Vector.pdb" /SUBSYSTEM:CONSOLE /TLBID:1 /DYNAMICBASE /NXCOMPAT /IMPLIB:"D:\My Documents\Visual Studio 2013\Projects\DSA\Vector\Debug\Vector.lib" /MACHINE:X86 Debug\Driver.obj
         Debug\Vector.obj
         Vector.vcxproj -> D:\My Documents\Visual Studio 2013\Projects\DSA\Vector\Debug\Vector.exe
     1>Done Building Project "D:\My Documents\Visual Studio 2013\Projects\DSA\Vector\Vector\Vector.vcxproj" (Build target(s)).

Build succeeded.

Time Elapsed 00:00:00.93
